2025-03-08T14:20:12.088+03:00  INFO 23060 --- [gateway-server] [restartedMain] c.a.g.GatewayServerApplication           : Starting GatewayServerApplication using Java 21.0.6 with PID 23060 (C:\Users\bsevi\Desktop\Java-Örneklendirme\december-backend-parking-1\gateway-server\target\classes started by bsevi in C:\Users\bsevi\Desktop\Java-Örneklendirme\december-backend-parking-1)
2025-03-08T14:20:12.095+03:00  INFO 23060 --- [gateway-server] [restartedMain] c.a.g.GatewayServerApplication           : No active profile set, falling back to 1 default profile: "default"
2025-03-08T14:20:12.182+03:00  INFO 23060 --- [gateway-server] [restartedMain] .e.DevToolsPropertyDefaultsPostProcessor : Devtools property defaults active! Set 'spring.devtools.add-properties' to 'false' to disable
2025-03-08T14:20:12.183+03:00  INFO 23060 --- [gateway-server] [restartedMain] .e.DevToolsPropertyDefaultsPostProcessor : For additional web related logging consider setting the 'logging.level.web' property to 'DEBUG'
2025-03-08T14:20:13.990+03:00  INFO 23060 --- [gateway-server] [restartedMain] o.s.cloud.context.scope.GenericScope     : BeanFactory id=894a83e1-aca6-3733-a99f-7c7d5bebe2f2
2025-03-08T14:20:15.592+03:00  INFO 23060 --- [gateway-server] [restartedMain] o.s.c.g.r.RouteDefinitionRouteLocator    : Loaded RoutePredicateFactory [After]
2025-03-08T14:20:15.592+03:00  INFO 23060 --- [gateway-server] [restartedMain] o.s.c.g.r.RouteDefinitionRouteLocator    : Loaded RoutePredicateFactory [Before]
2025-03-08T14:20:15.592+03:00  INFO 23060 --- [gateway-server] [restartedMain] o.s.c.g.r.RouteDefinitionRouteLocator    : Loaded RoutePredicateFactory [Between]
2025-03-08T14:20:15.592+03:00  INFO 23060 --- [gateway-server] [restartedMain] o.s.c.g.r.RouteDefinitionRouteLocator    : Loaded RoutePredicateFactory [Cookie]
2025-03-08T14:20:15.592+03:00  INFO 23060 --- [gateway-server] [restartedMain] o.s.c.g.r.RouteDefinitionRouteLocator    : Loaded RoutePredicateFactory [Header]
2025-03-08T14:20:15.592+03:00  INFO 23060 --- [gateway-server] [restartedMain] o.s.c.g.r.RouteDefinitionRouteLocator    : Loaded RoutePredicateFactory [Host]
2025-03-08T14:20:15.592+03:00  INFO 23060 --- [gateway-server] [restartedMain] o.s.c.g.r.RouteDefinitionRouteLocator    : Loaded RoutePredicateFactory [Method]
2025-03-08T14:20:15.593+03:00  INFO 23060 --- [gateway-server] [restartedMain] o.s.c.g.r.RouteDefinitionRouteLocator    : Loaded RoutePredicateFactory [Path]
2025-03-08T14:20:15.593+03:00  INFO 23060 --- [gateway-server] [restartedMain] o.s.c.g.r.RouteDefinitionRouteLocator    : Loaded RoutePredicateFactory [Query]
2025-03-08T14:20:15.593+03:00  INFO 23060 --- [gateway-server] [restartedMain] o.s.c.g.r.RouteDefinitionRouteLocator    : Loaded RoutePredicateFactory [ReadBody]
2025-03-08T14:20:15.593+03:00  INFO 23060 --- [gateway-server] [restartedMain] o.s.c.g.r.RouteDefinitionRouteLocator    : Loaded RoutePredicateFactory [RemoteAddr]
2025-03-08T14:20:15.594+03:00  INFO 23060 --- [gateway-server] [restartedMain] o.s.c.g.r.RouteDefinitionRouteLocator    : Loaded RoutePredicateFactory [XForwardedRemoteAddr]
2025-03-08T14:20:15.594+03:00  INFO 23060 --- [gateway-server] [restartedMain] o.s.c.g.r.RouteDefinitionRouteLocator    : Loaded RoutePredicateFactory [Weight]
2025-03-08T14:20:15.594+03:00  INFO 23060 --- [gateway-server] [restartedMain] o.s.c.g.r.RouteDefinitionRouteLocator    : Loaded RoutePredicateFactory [CloudFoundryRouteService]
2025-03-08T14:20:15.864+03:00  INFO 23060 --- [gateway-server] [restartedMain] o.s.b.a.e.web.EndpointLinksResolver      : Exposing 3 endpoints beneath base path '/actuator'
2025-03-08T14:20:16.198+03:00  INFO 23060 --- [gateway-server] [restartedMain] o.s.b.d.a.OptionalLiveReloadServer       : LiveReload server is running on port 35729
2025-03-08T14:20:16.214+03:00  INFO 23060 --- [gateway-server] [restartedMain] DiscoveryClientOptionalArgsConfiguration : Eureka HTTP Client uses RestTemplate.
2025-03-08T14:20:16.244+03:00  WARN 23060 --- [gateway-server] [restartedMain] iguration$LoadBalancerCaffeineWarnLogger : Spring Cloud LoadBalancer is currently working with the default cache. While this cache implementation is useful for development and tests, it's recommended to use Caffeine cache in production.You can switch to using Caffeine cache, by adding it and org.springframework.cache.caffeine.CaffeineCacheManager to the classpath.
2025-03-08T14:20:16.319+03:00  INFO 23060 --- [gateway-server] [restartedMain] o.s.c.n.eureka.InstanceInfoFactory       : Setting initial instance status as: STARTING
2025-03-08T14:20:16.347+03:00  INFO 23060 --- [gateway-server] [restartedMain] com.netflix.discovery.DiscoveryClient    : Initializing Eureka in region us-east-1
2025-03-08T14:20:16.352+03:00  INFO 23060 --- [gateway-server] [restartedMain] c.n.d.s.r.aws.ConfigClusterResolver      : Resolving eureka endpoints via configuration
2025-03-08T14:20:16.362+03:00  INFO 23060 --- [gateway-server] [restartedMain] com.netflix.discovery.DiscoveryClient    : Disable delta property : false
2025-03-08T14:20:16.362+03:00  INFO 23060 --- [gateway-server] [restartedMain] com.netflix.discovery.DiscoveryClient    : Single vip registry refresh property : null
2025-03-08T14:20:16.362+03:00  INFO 23060 --- [gateway-server] [restartedMain] com.netflix.discovery.DiscoveryClient    : Force full registry fetch : false
2025-03-08T14:20:16.362+03:00  INFO 23060 --- [gateway-server] [restartedMain] com.netflix.discovery.DiscoveryClient    : Application is null : false
2025-03-08T14:20:16.362+03:00  INFO 23060 --- [gateway-server] [restartedMain] com.netflix.discovery.DiscoveryClient    : Registered Applications size is zero : true
2025-03-08T14:20:16.362+03:00  INFO 23060 --- [gateway-server] [restartedMain] com.netflix.discovery.DiscoveryClient    : Application version is -1: true
2025-03-08T14:20:16.362+03:00  INFO 23060 --- [gateway-server] [restartedMain] com.netflix.discovery.DiscoveryClient    : Getting all instance registry info from the eureka server
2025-03-08T14:20:16.892+03:00  INFO 23060 --- [gateway-server] [restartedMain] com.netflix.discovery.DiscoveryClient    : The response status is 200
2025-03-08T14:20:16.894+03:00  INFO 23060 --- [gateway-server] [restartedMain] com.netflix.discovery.DiscoveryClient    : Starting heartbeat executor: renew interval is: 30
2025-03-08T14:20:16.896+03:00  INFO 23060 --- [gateway-server] [restartedMain] c.n.discovery.InstanceInfoReplicator     : InstanceInfoReplicator onDemand update allowed rate per min is 4
2025-03-08T14:20:16.899+03:00  INFO 23060 --- [gateway-server] [restartedMain] com.netflix.discovery.DiscoveryClient    : Discovery Client initialized at timestamp 1741432816898 with initial instances count: 0
2025-03-08T14:20:16.904+03:00  INFO 23060 --- [gateway-server] [restartedMain] o.s.c.n.e.s.EurekaServiceRegistry        : Registering application GATEWAY-SERVER with eureka with status UP
2025-03-08T14:20:16.905+03:00  INFO 23060 --- [gateway-server] [restartedMain] com.netflix.discovery.DiscoveryClient    : Saw local status change event StatusChangeEvent [timestamp=1741432816905, current=UP, previous=STARTING]
2025-03-08T14:20:16.907+03:00  INFO 23060 --- [gateway-server] [DiscoveryClient-InstanceInfoReplicator-%d] com.netflix.discovery.DiscoveryClient    : DiscoveryClient_GATEWAY-SERVER/DESKTOP-IEO3AME.home:gateway-server:8072: registering service...
2025-03-08T14:20:17.046+03:00  INFO 23060 --- [gateway-server] [DiscoveryClient-InstanceInfoReplicator-%d] com.netflix.discovery.DiscoveryClient    : DiscoveryClient_GATEWAY-SERVER/DESKTOP-IEO3AME.home:gateway-server:8072 - registration status: 204
2025-03-08T14:20:17.162+03:00  INFO 23060 --- [gateway-server] [restartedMain] o.s.b.web.embedded.netty.NettyWebServer  : Netty started on port 8072 (http)
2025-03-08T14:20:17.164+03:00  INFO 23060 --- [gateway-server] [restartedMain] .s.c.n.e.s.EurekaAutoServiceRegistration : Updating port to 8072
2025-03-08T14:20:17.203+03:00  INFO 23060 --- [gateway-server] [restartedMain] c.a.g.GatewayServerApplication           : Started GatewayServerApplication in 6.055 seconds (process running for 7.951)
2025-03-08T14:20:17.443+03:00  WARN 23060 --- [gateway-server] [registrationTask1] d.c.b.a.c.r.ApplicationRegistrator       : Failed to register application as Application(name=gateway-server, managementUrl=http://DESKTOP-IEO3AME.home:8072/actuator, healthUrl=http://DESKTOP-IEO3AME.home:8072/actuator/health, serviceUrl=http://DESKTOP-IEO3AME.home:8072/) at spring-boot-admin ([http://localhost:8192/instances]): Connection refused: getsockopt: localhost/127.0.0.1:8192. Further attempts are logged on DEBUG level
2025-03-08T14:20:46.896+03:00  INFO 23060 --- [gateway-server] [DiscoveryClient-CacheRefreshExecutor-%d] com.netflix.discovery.DiscoveryClient    : Disable delta property : false
2025-03-08T14:20:46.897+03:00  INFO 23060 --- [gateway-server] [DiscoveryClient-CacheRefreshExecutor-%d] com.netflix.discovery.DiscoveryClient    : Single vip registry refresh property : null
2025-03-08T14:20:46.897+03:00  INFO 23060 --- [gateway-server] [DiscoveryClient-CacheRefreshExecutor-%d] com.netflix.discovery.DiscoveryClient    : Force full registry fetch : false
2025-03-08T14:20:46.897+03:00  INFO 23060 --- [gateway-server] [DiscoveryClient-CacheRefreshExecutor-%d] com.netflix.discovery.DiscoveryClient    : Application is null : false
2025-03-08T14:20:46.897+03:00  INFO 23060 --- [gateway-server] [DiscoveryClient-CacheRefreshExecutor-%d] com.netflix.discovery.DiscoveryClient    : Registered Applications size is zero : true
2025-03-08T14:20:46.898+03:00  INFO 23060 --- [gateway-server] [DiscoveryClient-CacheRefreshExecutor-%d] com.netflix.discovery.DiscoveryClient    : Application version is -1: false
2025-03-08T14:20:46.898+03:00  INFO 23060 --- [gateway-server] [DiscoveryClient-CacheRefreshExecutor-%d] com.netflix.discovery.DiscoveryClient    : Getting all instance registry info from the eureka server
2025-03-08T14:20:46.939+03:00  INFO 23060 --- [gateway-server] [DiscoveryClient-CacheRefreshExecutor-%d] com.netflix.discovery.DiscoveryClient    : The response status is 200
2025-03-08T14:21:16.133+03:00  WARN 23060 --- [gateway-server] [parallel-7] o.s.c.l.core.RoundRobinLoadBalancer      : No servers available for service: PARKING
2025-03-08T14:23:27.567+03:00  INFO 23060 --- [gateway-server] [parallel-7] c.a.g.keycloak.LogoutFromUserService     : User logged out from user service successfully.
2025-03-08T14:25:16.372+03:00  INFO 23060 --- [gateway-server] [AsyncResolver-bootstrap-executor-%d] c.n.d.s.r.aws.ConfigClusterResolver      : Resolving eureka endpoints via configuration
2025-03-08T14:26:55.757+03:00  INFO 23060 --- [gateway-server] [parallel-5] c.a.g.keycloak.LogoutFromUserService     : User logged out from user service successfully.
2025-03-08T14:28:51.040+03:00  INFO 23060 --- [gateway-server] [File Watcher] rtingClassPathChangeChangedEventListener : Restarting due to 2 class path changes (0 additions, 2 deletions, 0 modifications)
2025-03-08T14:28:51.043+03:00  INFO 23060 --- [gateway-server] [Thread-7] o.s.c.n.e.s.EurekaServiceRegistry        : Unregistering application GATEWAY-SERVER with eureka with status DOWN
2025-03-08T14:28:51.043+03:00  INFO 23060 --- [gateway-server] [Thread-7] com.netflix.discovery.DiscoveryClient    : Saw local status change event StatusChangeEvent [timestamp=1741433331043, current=DOWN, previous=UP]
2025-03-08T14:28:51.043+03:00  INFO 23060 --- [gateway-server] [DiscoveryClient-InstanceInfoReplicator-%d] com.netflix.discovery.DiscoveryClient    : DiscoveryClient_GATEWAY-SERVER/DESKTOP-IEO3AME.home:gateway-server:8072: registering service...
2025-03-08T14:28:51.048+03:00  INFO 23060 --- [gateway-server] [Thread-7] o.s.b.w.embedded.netty.GracefulShutdown  : Commencing graceful shutdown. Waiting for active requests to complete
2025-03-08T14:28:51.053+03:00  INFO 23060 --- [gateway-server] [netty-shutdown] o.s.b.w.embedded.netty.GracefulShutdown  : Graceful shutdown complete
2025-03-08T14:28:51.057+03:00  INFO 23060 --- [gateway-server] [DiscoveryClient-InstanceInfoReplicator-%d] com.netflix.discovery.DiscoveryClient    : DiscoveryClient_GATEWAY-SERVER/DESKTOP-IEO3AME.home:gateway-server:8072 - registration status: 204
2025-03-08T14:28:51.083+03:00  INFO 23060 --- [gateway-server] [Thread-7] com.netflix.discovery.DiscoveryClient    : Shutting down DiscoveryClient ...
2025-03-08T14:28:54.091+03:00  INFO 23060 --- [gateway-server] [Thread-7] com.netflix.discovery.DiscoveryClient    : Unregistering ...
2025-03-08T14:28:54.114+03:00  INFO 23060 --- [gateway-server] [Thread-7] com.netflix.discovery.DiscoveryClient    : DiscoveryClient_GATEWAY-SERVER/DESKTOP-IEO3AME.home:gateway-server:8072 - deregister  status: 200
2025-03-08T14:28:54.115+03:00  INFO 23060 --- [gateway-server] [Thread-7] com.netflix.discovery.DiscoveryClient    : Completed shut down of DiscoveryClient
2025-03-08T14:29:00.271+03:00  INFO 16616 --- [gateway-server] [restartedMain] c.a.g.GatewayServerApplication           : Starting GatewayServerApplication using Java 21.0.6 with PID 16616 (C:\Users\bsevi\Desktop\Java-Örneklendirme\december-backend-parking-1\gateway-server\target\classes started by bsevi in C:\Users\bsevi\Desktop\Java-Örneklendirme\december-backend-parking-1)
2025-03-08T14:29:00.275+03:00  INFO 16616 --- [gateway-server] [restartedMain] c.a.g.GatewayServerApplication           : No active profile set, falling back to 1 default profile: "default"
2025-03-08T14:29:00.350+03:00  INFO 16616 --- [gateway-server] [restartedMain] .e.DevToolsPropertyDefaultsPostProcessor : Devtools property defaults active! Set 'spring.devtools.add-properties' to 'false' to disable
2025-03-08T14:29:00.350+03:00  INFO 16616 --- [gateway-server] [restartedMain] .e.DevToolsPropertyDefaultsPostProcessor : For additional web related logging consider setting the 'logging.level.web' property to 'DEBUG'
2025-03-08T14:29:03.018+03:00  INFO 16616 --- [gateway-server] [restartedMain] o.s.cloud.context.scope.GenericScope     : BeanFactory id=f1ce5d39-f2a9-3d5c-ac3b-7e483f5ecda4
2025-03-08T14:29:04.624+03:00  INFO 16616 --- [gateway-server] [restartedMain] o.s.c.g.r.RouteDefinitionRouteLocator    : Loaded RoutePredicateFactory [After]
2025-03-08T14:29:04.625+03:00  INFO 16616 --- [gateway-server] [restartedMain] o.s.c.g.r.RouteDefinitionRouteLocator    : Loaded RoutePredicateFactory [Before]
2025-03-08T14:29:04.625+03:00  INFO 16616 --- [gateway-server] [restartedMain] o.s.c.g.r.RouteDefinitionRouteLocator    : Loaded RoutePredicateFactory [Between]
2025-03-08T14:29:04.625+03:00  INFO 16616 --- [gateway-server] [restartedMain] o.s.c.g.r.RouteDefinitionRouteLocator    : Loaded RoutePredicateFactory [Cookie]
2025-03-08T14:29:04.625+03:00  INFO 16616 --- [gateway-server] [restartedMain] o.s.c.g.r.RouteDefinitionRouteLocator    : Loaded RoutePredicateFactory [Header]
2025-03-08T14:29:04.625+03:00  INFO 16616 --- [gateway-server] [restartedMain] o.s.c.g.r.RouteDefinitionRouteLocator    : Loaded RoutePredicateFactory [Host]
2025-03-08T14:29:04.625+03:00  INFO 16616 --- [gateway-server] [restartedMain] o.s.c.g.r.RouteDefinitionRouteLocator    : Loaded RoutePredicateFactory [Method]
2025-03-08T14:29:04.626+03:00  INFO 16616 --- [gateway-server] [restartedMain] o.s.c.g.r.RouteDefinitionRouteLocator    : Loaded RoutePredicateFactory [Path]
2025-03-08T14:29:04.626+03:00  INFO 16616 --- [gateway-server] [restartedMain] o.s.c.g.r.RouteDefinitionRouteLocator    : Loaded RoutePredicateFactory [Query]
2025-03-08T14:29:04.626+03:00  INFO 16616 --- [gateway-server] [restartedMain] o.s.c.g.r.RouteDefinitionRouteLocator    : Loaded RoutePredicateFactory [ReadBody]
2025-03-08T14:29:04.626+03:00  INFO 16616 --- [gateway-server] [restartedMain] o.s.c.g.r.RouteDefinitionRouteLocator    : Loaded RoutePredicateFactory [RemoteAddr]
2025-03-08T14:29:04.626+03:00  INFO 16616 --- [gateway-server] [restartedMain] o.s.c.g.r.RouteDefinitionRouteLocator    : Loaded RoutePredicateFactory [XForwardedRemoteAddr]
2025-03-08T14:29:04.627+03:00  INFO 16616 --- [gateway-server] [restartedMain] o.s.c.g.r.RouteDefinitionRouteLocator    : Loaded RoutePredicateFactory [Weight]
2025-03-08T14:29:04.627+03:00  INFO 16616 --- [gateway-server] [restartedMain] o.s.c.g.r.RouteDefinitionRouteLocator    : Loaded RoutePredicateFactory [CloudFoundryRouteService]
2025-03-08T14:29:04.930+03:00  INFO 16616 --- [gateway-server] [restartedMain] o.s.b.a.e.web.EndpointLinksResolver      : Exposing 3 endpoints beneath base path '/actuator'
2025-03-08T14:29:05.311+03:00  INFO 16616 --- [gateway-server] [restartedMain] o.s.b.d.a.OptionalLiveReloadServer       : LiveReload server is running on port 35729
2025-03-08T14:29:05.327+03:00  INFO 16616 --- [gateway-server] [restartedMain] DiscoveryClientOptionalArgsConfiguration : Eureka HTTP Client uses RestTemplate.
2025-03-08T14:29:05.366+03:00  WARN 16616 --- [gateway-server] [restartedMain] iguration$LoadBalancerCaffeineWarnLogger : Spring Cloud LoadBalancer is currently working with the default cache. While this cache implementation is useful for development and tests, it's recommended to use Caffeine cache in production.You can switch to using Caffeine cache, by adding it and org.springframework.cache.caffeine.CaffeineCacheManager to the classpath.
2025-03-08T14:29:05.462+03:00  INFO 16616 --- [gateway-server] [restartedMain] o.s.c.n.eureka.InstanceInfoFactory       : Setting initial instance status as: STARTING
2025-03-08T14:29:05.500+03:00  INFO 16616 --- [gateway-server] [restartedMain] com.netflix.discovery.DiscoveryClient    : Initializing Eureka in region us-east-1
2025-03-08T14:29:05.510+03:00  INFO 16616 --- [gateway-server] [restartedMain] c.n.d.s.r.aws.ConfigClusterResolver      : Resolving eureka endpoints via configuration
2025-03-08T14:29:05.526+03:00  INFO 16616 --- [gateway-server] [restartedMain] com.netflix.discovery.DiscoveryClient    : Disable delta property : false
2025-03-08T14:29:05.526+03:00  INFO 16616 --- [gateway-server] [restartedMain] com.netflix.discovery.DiscoveryClient    : Single vip registry refresh property : null
2025-03-08T14:29:05.527+03:00  INFO 16616 --- [gateway-server] [restartedMain] com.netflix.discovery.DiscoveryClient    : Force full registry fetch : false
2025-03-08T14:29:05.527+03:00  INFO 16616 --- [gateway-server] [restartedMain] com.netflix.discovery.DiscoveryClient    : Application is null : false
2025-03-08T14:29:05.527+03:00  INFO 16616 --- [gateway-server] [restartedMain] com.netflix.discovery.DiscoveryClient    : Registered Applications size is zero : true
2025-03-08T14:29:05.527+03:00  INFO 16616 --- [gateway-server] [restartedMain] com.netflix.discovery.DiscoveryClient    : Application version is -1: true
2025-03-08T14:29:05.528+03:00  INFO 16616 --- [gateway-server] [restartedMain] com.netflix.discovery.DiscoveryClient    : Getting all instance registry info from the eureka server
2025-03-08T14:29:06.023+03:00  INFO 16616 --- [gateway-server] [restartedMain] com.netflix.discovery.DiscoveryClient    : The response status is 200
2025-03-08T14:29:06.025+03:00  INFO 16616 --- [gateway-server] [restartedMain] com.netflix.discovery.DiscoveryClient    : Starting heartbeat executor: renew interval is: 30
2025-03-08T14:29:06.028+03:00  INFO 16616 --- [gateway-server] [restartedMain] c.n.discovery.InstanceInfoReplicator     : InstanceInfoReplicator onDemand update allowed rate per min is 4
2025-03-08T14:29:06.029+03:00  INFO 16616 --- [gateway-server] [restartedMain] com.netflix.discovery.DiscoveryClient    : Discovery Client initialized at timestamp 1741433346029 with initial instances count: 1
2025-03-08T14:29:06.032+03:00  INFO 16616 --- [gateway-server] [restartedMain] o.s.c.n.e.s.EurekaServiceRegistry        : Registering application GATEWAY-SERVER with eureka with status UP
2025-03-08T14:29:06.033+03:00  INFO 16616 --- [gateway-server] [restartedMain] com.netflix.discovery.DiscoveryClient    : Saw local status change event StatusChangeEvent [timestamp=1741433346033, current=UP, previous=STARTING]
2025-03-08T14:29:06.036+03:00  INFO 16616 --- [gateway-server] [DiscoveryClient-InstanceInfoReplicator-%d] com.netflix.discovery.DiscoveryClient    : DiscoveryClient_GATEWAY-SERVER/DESKTOP-IEO3AME.home:gateway-server:8072: registering service...
2025-03-08T14:29:06.086+03:00  INFO 16616 --- [gateway-server] [DiscoveryClient-InstanceInfoReplicator-%d] com.netflix.discovery.DiscoveryClient    : DiscoveryClient_GATEWAY-SERVER/DESKTOP-IEO3AME.home:gateway-server:8072 - registration status: 204
2025-03-08T14:29:06.310+03:00  INFO 16616 --- [gateway-server] [restartedMain] o.s.b.web.embedded.netty.NettyWebServer  : Netty started on port 8072 (http)
2025-03-08T14:29:06.312+03:00  INFO 16616 --- [gateway-server] [restartedMain] .s.c.n.e.s.EurekaAutoServiceRegistration : Updating port to 8072
2025-03-08T14:29:06.342+03:00  INFO 16616 --- [gateway-server] [restartedMain] c.a.g.GatewayServerApplication           : Started GatewayServerApplication in 7.165 seconds (process running for 9.054)
2025-03-08T14:29:06.502+03:00  WARN 16616 --- [gateway-server] [registrationTask1] d.c.b.a.c.r.ApplicationRegistrator       : Failed to register application as Application(name=gateway-server, managementUrl=http://DESKTOP-IEO3AME.home:8072/actuator, healthUrl=http://DESKTOP-IEO3AME.home:8072/actuator/health, serviceUrl=http://DESKTOP-IEO3AME.home:8072/) at spring-boot-admin ([http://localhost:8192/instances]): Connection refused: getsockopt: localhost/127.0.0.1:8192. Further attempts are logged on DEBUG level
2025-03-08T14:34:05.530+03:00  INFO 16616 --- [gateway-server] [AsyncResolver-bootstrap-executor-%d] c.n.d.s.r.aws.ConfigClusterResolver      : Resolving eureka endpoints via configuration
2025-03-08T14:39:05.547+03:00  INFO 16616 --- [gateway-server] [AsyncResolver-bootstrap-executor-%d] c.n.d.s.r.aws.ConfigClusterResolver      : Resolving eureka endpoints via configuration
2025-03-08T14:44:05.549+03:00  INFO 16616 --- [gateway-server] [AsyncResolver-bootstrap-executor-%d] c.n.d.s.r.aws.ConfigClusterResolver      : Resolving eureka endpoints via configuration
2025-03-08T14:49:05.555+03:00  INFO 16616 --- [gateway-server] [AsyncResolver-bootstrap-executor-%d] c.n.d.s.r.aws.ConfigClusterResolver      : Resolving eureka endpoints via configuration
2025-03-08T14:54:05.560+03:00  INFO 16616 --- [gateway-server] [AsyncResolver-bootstrap-executor-%d] c.n.d.s.r.aws.ConfigClusterResolver      : Resolving eureka endpoints via configuration
2025-03-08T14:59:05.561+03:00  INFO 16616 --- [gateway-server] [AsyncResolver-bootstrap-executor-%d] c.n.d.s.r.aws.ConfigClusterResolver      : Resolving eureka endpoints via configuration
2025-03-08T15:02:21.993+03:00  INFO 16616 --- [gateway-server] [SpringApplicationShutdownHook] o.s.c.n.e.s.EurekaServiceRegistry        : Unregistering application GATEWAY-SERVER with eureka with status DOWN
2025-03-08T15:02:21.993+03:00  INFO 16616 --- [gateway-server] [SpringApplicationShutdownHook] com.netflix.discovery.DiscoveryClient    : Saw local status change event StatusChangeEvent [timestamp=1741435341993, current=DOWN, previous=UP]
2025-03-08T15:02:21.993+03:00  INFO 16616 --- [gateway-server] [DiscoveryClient-InstanceInfoReplicator-%d] com.netflix.discovery.DiscoveryClient    : DiscoveryClient_GATEWAY-SERVER/DESKTOP-IEO3AME.home:gateway-server:8072: registering service...
2025-03-08T15:02:21.997+03:00  INFO 16616 --- [gateway-server] [SpringApplicationShutdownHook] o.s.b.w.embedded.netty.GracefulShutdown  : Commencing graceful shutdown. Waiting for active requests to complete
2025-03-08T15:02:22.000+03:00  INFO 16616 --- [gateway-server] [netty-shutdown] o.s.b.w.embedded.netty.GracefulShutdown  : Graceful shutdown complete
2025-03-08T15:02:22.018+03:00  INFO 16616 --- [gateway-server] [DiscoveryClient-InstanceInfoReplicator-%d] com.netflix.discovery.DiscoveryClient    : DiscoveryClient_GATEWAY-SERVER/DESKTOP-IEO3AME.home:gateway-server:8072 - registration status: 204
2025-03-08T15:02:22.022+03:00  INFO 16616 --- [gateway-server] [SpringApplicationShutdownHook] com.netflix.discovery.DiscoveryClient    : Shutting down DiscoveryClient ...
2025-03-08T15:02:25.023+03:00  INFO 16616 --- [gateway-server] [SpringApplicationShutdownHook] com.netflix.discovery.DiscoveryClient    : Unregistering ...
2025-03-08T15:02:25.052+03:00  INFO 16616 --- [gateway-server] [SpringApplicationShutdownHook] c.n.d.s.t.d.RedirectingEurekaHttpClient  : Request execution error. endpoint=DefaultEndpoint{ serviceUrl='http://localhost:8761/eureka/} exception=I/O error on DELETE request for "http://localhost:8761/eureka/apps/GATEWAY-SERVER/DESKTOP-IEO3AME.home:gateway-server:8072": Connect to http://localhost:8761 [localhost/127.0.0.1, localhost/0:0:0:0:0:0:0:1] failed: Connection refused: getsockopt stacktrace=org.springframework.web.client.ResourceAccessException: I/O error on DELETE request for "http://localhost:8761/eureka/apps/GATEWAY-SERVER/DESKTOP-IEO3AME.home:gateway-server:8072": Connect to http://localhost:8761 [localhost/127.0.0.1, localhost/0:0:0:0:0:0:0:1] failed: Connection refused: getsockopt
	at org.springframework.web.client.RestTemplate.createResourceAccessException(RestTemplate.java:925)
	at org.springframework.web.client.RestTemplate.doExecute(RestTemplate.java:905)
	at org.springframework.web.client.RestTemplate.execute(RestTemplate.java:840)
	at org.springframework.web.client.RestTemplate.exchange(RestTemplate.java:701)
	at org.springframework.cloud.netflix.eureka.http.RestTemplateEurekaHttpClient.cancel(RestTemplateEurekaHttpClient.java:100)
	at com.netflix.discovery.shared.transport.decorator.EurekaHttpClientDecorator$2.execute(EurekaHttpClientDecorator.java:74)
	at com.netflix.discovery.shared.transport.decorator.RedirectingEurekaHttpClient.execute(RedirectingEurekaHttpClient.java:91)
	at com.netflix.discovery.shared.transport.decorator.EurekaHttpClientDecorator.cancel(EurekaHttpClientDecorator.java:71)
	at com.netflix.discovery.shared.transport.decorator.EurekaHttpClientDecorator$2.execute(EurekaHttpClientDecorator.java:74)
	at com.netflix.discovery.shared.transport.decorator.RetryableEurekaHttpClient.execute(RetryableEurekaHttpClient.java:120)
	at com.netflix.discovery.shared.transport.decorator.EurekaHttpClientDecorator.cancel(EurekaHttpClientDecorator.java:71)
	at com.netflix.discovery.shared.transport.decorator.EurekaHttpClientDecorator$2.execute(EurekaHttpClientDecorator.java:74)
	at com.netflix.discovery.shared.transport.decorator.SessionedEurekaHttpClient.execute(SessionedEurekaHttpClient.java:76)
	at com.netflix.discovery.shared.transport.decorator.EurekaHttpClientDecorator.cancel(EurekaHttpClientDecorator.java:71)
	at com.netflix.discovery.DiscoveryClient.unregister(DiscoveryClient.java:919)
	at com.netflix.discovery.DiscoveryClient.shutdown(DiscoveryClient.java:900)
	at java.base/jdk.internal.reflect.DirectMethodHandleAccessor.invoke(DirectMethodHandleAccessor.java:103)
	at java.base/java.lang.reflect.Method.invoke(Method.java:580)
	at org.springframework.beans.factory.annotation.InitDestroyAnnotationBeanPostProcessor$LifecycleMethod.invoke(InitDestroyAnnotationBeanPostProcessor.java:457)
	at org.springframework.beans.factory.annotation.InitDestroyAnnotationBeanPostProcessor$LifecycleMetadata.invokeDestroyMethods(InitDestroyAnnotationBeanPostProcessor.java:415)
	at org.springframework.beans.factory.annotation.InitDestroyAnnotationBeanPostProcessor.postProcessBeforeDestruction(InitDestroyAnnotationBeanPostProcessor.java:239)
	at org.springframework.beans.factory.support.DisposableBeanAdapter.destroy(DisposableBeanAdapter.java:202)
	at org.springframework.beans.factory.support.DisposableBeanAdapter.run(DisposableBeanAdapter.java:195)
	at org.springframework.cloud.context.scope.GenericScope$BeanLifecycleWrapper.destroy(GenericScope.java:389)
	at org.springframework.cloud.context.scope.GenericScope.destroy(GenericScope.java:136)
	at org.springframework.beans.factory.support.DisposableBeanAdapter.destroy(DisposableBeanAdapter.java:211)
	at org.springframework.beans.factory.support.DefaultSingletonBeanRegistry.destroyBean(DefaultSingletonBeanRegistry.java:735)
	at org.springframework.beans.factory.support.DefaultSingletonBeanRegistry.destroySingleton(DefaultSingletonBeanRegistry.java:692)
	at org.springframework.beans.factory.support.DefaultListableBeanFactory.destroySingleton(DefaultListableBeanFactory.java:1401)
	at org.springframework.beans.factory.support.DefaultSingletonBeanRegistry.destroySingletons(DefaultSingletonBeanRegistry.java:651)
	at org.springframework.beans.factory.support.DefaultListableBeanFactory.destroySingletons(DefaultListableBeanFactory.java:1394)
	at org.springframework.context.support.AbstractApplicationContext.destroyBeans(AbstractApplicationContext.java:1219)
	at org.springframework.context.support.AbstractApplicationContext.doClose(AbstractApplicationContext.java:1180)
	at org.springframework.boot.web.reactive.context.ReactiveWebServerApplicationContext.doClose(ReactiveWebServerApplicationContext.java:155)
	at org.springframework.context.support.AbstractApplicationContext.close(AbstractApplicationContext.java:1126)
	at org.springframework.boot.SpringApplicationShutdownHook.closeAndWait(SpringApplicationShutdownHook.java:147)
	at java.base/java.lang.Iterable.forEach(Iterable.java:75)
	at org.springframework.boot.SpringApplicationShutdownHook.run(SpringApplicationShutdownHook.java:116)
	at java.base/java.lang.Thread.run(Thread.java:1583)
Caused by: org.apache.hc.client5.http.HttpHostConnectException: Connect to http://localhost:8761 [localhost/127.0.0.1, localhost/0:0:0:0:0:0:0:1] failed: Connection refused: getsockopt
	at java.base/sun.nio.ch.Net.pollConnect(Native Method)
	at java.base/sun.nio.ch.Net.pollConnectNow(Net.java:682)
	at java.base/sun.nio.ch.NioSocketImpl.timedFinishConnect(NioSocketImpl.java:542)
	at java.base/sun.nio.ch.NioSocketImpl.connect(NioSocketImpl.java:592)
	at java.base/java.net.SocksSocketImpl.connect(SocksSocketImpl.java:327)
	at java.base/java.net.Socket.connect(Socket.java:751)
	at org.apache.hc.client5.http.impl.io.DefaultHttpClientConnectionOperator.connect(DefaultHttpClientConnectionOperator.java:216)
	at org.apache.hc.client5.http.impl.io.PoolingHttpClientConnectionManager.connect(PoolingHttpClientConnectionManager.java:490)
	at org.apache.hc.client5.http.impl.classic.InternalExecRuntime.connectEndpoint(InternalExecRuntime.java:164)
	at org.apache.hc.client5.http.impl.classic.InternalExecRuntime.connectEndpoint(InternalExecRuntime.java:174)
	at org.apache.hc.client5.http.impl.classic.ConnectExec.execute(ConnectExec.java:144)
	at org.apache.hc.client5.http.impl.classic.ExecChainElement.execute(ExecChainElement.java:51)
	at org.apache.hc.client5.http.impl.classic.ProtocolExec.execute(ProtocolExec.java:192)
	at org.apache.hc.client5.http.impl.classic.ExecChainElement.execute(ExecChainElement.java:51)
	at org.apache.hc.client5.http.impl.classic.ContentCompressionExec.execute(ContentCompressionExec.java:150)
	at org.apache.hc.client5.http.impl.classic.ExecChainElement.execute(ExecChainElement.java:51)
	at org.apache.hc.client5.http.impl.classic.HttpRequestRetryExec.execute(HttpRequestRetryExec.java:113)
	at org.apache.hc.client5.http.impl.classic.ExecChainElement.execute(ExecChainElement.java:51)
	at org.apache.hc.client5.http.impl.classic.RedirectExec.execute(RedirectExec.java:110)
	at org.apache.hc.client5.http.impl.classic.ExecChainElement.execute(ExecChainElement.java:51)
	at org.apache.hc.client5.http.impl.classic.InternalHttpClient.doExecute(InternalHttpClient.java:174)
	at org.apache.hc.client5.http.impl.classic.CloseableHttpClient.execute(CloseableHttpClient.java:87)
	at org.apache.hc.client5.http.impl.classic.CloseableHttpClient.execute(CloseableHttpClient.java:55)
	at org.apache.hc.client5.http.classic.HttpClient.executeOpen(HttpClient.java:183)
	at org.springframework.http.client.HttpComponentsClientHttpRequest.executeInternal(HttpComponentsClientHttpRequest.java:99)
	at org.springframework.http.client.AbstractStreamingClientHttpRequest.executeInternal(AbstractStreamingClientHttpRequest.java:71)
	at org.springframework.http.client.AbstractClientHttpRequest.execute(AbstractClientHttpRequest.java:81)
	at org.springframework.http.client.InterceptingClientHttpRequest$InterceptingRequestExecution.execute(InterceptingClientHttpRequest.java:117)
	at org.springframework.cloud.netflix.eureka.http.RestTemplateTransportClientFactory.lambda$restTemplate$3(RestTemplateTransportClientFactory.java:141)
	at org.springframework.http.client.InterceptingClientHttpRequest$InterceptingRequestExecution.execute(InterceptingClientHttpRequest.java:88)
	at org.springframework.http.client.InterceptingClientHttpRequest.executeInternal(InterceptingClientHttpRequest.java:72)
	at org.springframework.http.client.AbstractBufferingClientHttpRequest.executeInternal(AbstractBufferingClientHttpRequest.java:48)
	at org.springframework.http.client.AbstractClientHttpRequest.execute(AbstractClientHttpRequest.java:81)
	at org.springframework.web.client.RestTemplate.doExecute(RestTemplate.java:899)
	... 37 more

2025-03-08T15:02:25.053+03:00  WARN 16616 --- [gateway-server] [SpringApplicationShutdownHook] c.n.d.s.t.d.RetryableEurekaHttpClient    : Request execution failed with message: I/O error on DELETE request for "http://localhost:8761/eureka/apps/GATEWAY-SERVER/DESKTOP-IEO3AME.home:gateway-server:8072": Connect to http://localhost:8761 [localhost/127.0.0.1, localhost/0:0:0:0:0:0:0:1] failed: Connection refused: getsockopt
2025-03-08T15:02:25.077+03:00  INFO 16616 --- [gateway-server] [SpringApplicationShutdownHook] c.n.d.s.t.d.RedirectingEurekaHttpClient  : Request execution error. endpoint=DefaultEndpoint{ serviceUrl='http://localhost:8761/eureka/}, exception=I/O error on DELETE request for "http://localhost:8761/eureka/apps/GATEWAY-SERVER/DESKTOP-IEO3AME.home:gateway-server:8072": Connect to http://localhost:8761 [localhost/127.0.0.1, localhost/0:0:0:0:0:0:0:1] failed: Connection refused: getsockopt stacktrace=org.springframework.web.client.ResourceAccessException: I/O error on DELETE request for "http://localhost:8761/eureka/apps/GATEWAY-SERVER/DESKTOP-IEO3AME.home:gateway-server:8072": Connect to http://localhost:8761 [localhost/127.0.0.1, localhost/0:0:0:0:0:0:0:1] failed: Connection refused: getsockopt
	at org.springframework.web.client.RestTemplate.createResourceAccessException(RestTemplate.java:925)
	at org.springframework.web.client.RestTemplate.doExecute(RestTemplate.java:905)
	at org.springframework.web.client.RestTemplate.execute(RestTemplate.java:840)
	at org.springframework.web.client.RestTemplate.exchange(RestTemplate.java:701)
	at org.springframework.cloud.netflix.eureka.http.RestTemplateEurekaHttpClient.cancel(RestTemplateEurekaHttpClient.java:100)
	at com.netflix.discovery.shared.transport.decorator.EurekaHttpClientDecorator$2.execute(EurekaHttpClientDecorator.java:74)
	at com.netflix.discovery.shared.transport.decorator.RedirectingEurekaHttpClient.executeOnNewServer(RedirectingEurekaHttpClient.java:121)
	at com.netflix.discovery.shared.transport.decorator.RedirectingEurekaHttpClient.execute(RedirectingEurekaHttpClient.java:80)
	at com.netflix.discovery.shared.transport.decorator.EurekaHttpClientDecorator.cancel(EurekaHttpClientDecorator.java:71)
	at com.netflix.discovery.shared.transport.decorator.EurekaHttpClientDecorator$2.execute(EurekaHttpClientDecorator.java:74)
	at com.netflix.discovery.shared.transport.decorator.RetryableEurekaHttpClient.execute(RetryableEurekaHttpClient.java:120)
	at com.netflix.discovery.shared.transport.decorator.EurekaHttpClientDecorator.cancel(EurekaHttpClientDecorator.java:71)
	at com.netflix.discovery.shared.transport.decorator.EurekaHttpClientDecorator$2.execute(EurekaHttpClientDecorator.java:74)
	at com.netflix.discovery.shared.transport.decorator.SessionedEurekaHttpClient.execute(SessionedEurekaHttpClient.java:76)
	at com.netflix.discovery.shared.transport.decorator.EurekaHttpClientDecorator.cancel(EurekaHttpClientDecorator.java:71)
	at com.netflix.discovery.DiscoveryClient.unregister(DiscoveryClient.java:919)
	at com.netflix.discovery.DiscoveryClient.shutdown(DiscoveryClient.java:900)
	at java.base/jdk.internal.reflect.DirectMethodHandleAccessor.invoke(DirectMethodHandleAccessor.java:103)
	at java.base/java.lang.reflect.Method.invoke(Method.java:580)
	at org.springframework.beans.factory.annotation.InitDestroyAnnotationBeanPostProcessor$LifecycleMethod.invoke(InitDestroyAnnotationBeanPostProcessor.java:457)
	at org.springframework.beans.factory.annotation.InitDestroyAnnotationBeanPostProcessor$LifecycleMetadata.invokeDestroyMethods(InitDestroyAnnotationBeanPostProcessor.java:415)
	at org.springframework.beans.factory.annotation.InitDestroyAnnotationBeanPostProcessor.postProcessBeforeDestruction(InitDestroyAnnotationBeanPostProcessor.java:239)
	at org.springframework.beans.factory.support.DisposableBeanAdapter.destroy(DisposableBeanAdapter.java:202)
	at org.springframework.beans.factory.support.DisposableBeanAdapter.run(DisposableBeanAdapter.java:195)
	at org.springframework.cloud.context.scope.GenericScope$BeanLifecycleWrapper.destroy(GenericScope.java:389)
	at org.springframework.cloud.context.scope.GenericScope.destroy(GenericScope.java:136)
	at org.springframework.beans.factory.support.DisposableBeanAdapter.destroy(DisposableBeanAdapter.java:211)
	at org.springframework.beans.factory.support.DefaultSingletonBeanRegistry.destroyBean(DefaultSingletonBeanRegistry.java:735)
	at org.springframework.beans.factory.support.DefaultSingletonBeanRegistry.destroySingleton(DefaultSingletonBeanRegistry.java:692)
	at org.springframework.beans.factory.support.DefaultListableBeanFactory.destroySingleton(DefaultListableBeanFactory.java:1401)
	at org.springframework.beans.factory.support.DefaultSingletonBeanRegistry.destroySingletons(DefaultSingletonBeanRegistry.java:651)
	at org.springframework.beans.factory.support.DefaultListableBeanFactory.destroySingletons(DefaultListableBeanFactory.java:1394)
	at org.springframework.context.support.AbstractApplicationContext.destroyBeans(AbstractApplicationContext.java:1219)
	at org.springframework.context.support.AbstractApplicationContext.doClose(AbstractApplicationContext.java:1180)
	at org.springframework.boot.web.reactive.context.ReactiveWebServerApplicationContext.doClose(ReactiveWebServerApplicationContext.java:155)
	at org.springframework.context.support.AbstractApplicationContext.close(AbstractApplicationContext.java:1126)
	at org.springframework.boot.SpringApplicationShutdownHook.closeAndWait(SpringApplicationShutdownHook.java:147)
	at java.base/java.lang.Iterable.forEach(Iterable.java:75)
	at org.springframework.boot.SpringApplicationShutdownHook.run(SpringApplicationShutdownHook.java:116)
	at java.base/java.lang.Thread.run(Thread.java:1583)
Caused by: org.apache.hc.client5.http.HttpHostConnectException: Connect to http://localhost:8761 [localhost/127.0.0.1, localhost/0:0:0:0:0:0:0:1] failed: Connection refused: getsockopt
	at java.base/sun.nio.ch.Net.pollConnect(Native Method)
	at java.base/sun.nio.ch.Net.pollConnectNow(Net.java:682)
	at java.base/sun.nio.ch.NioSocketImpl.timedFinishConnect(NioSocketImpl.java:542)
	at java.base/sun.nio.ch.NioSocketImpl.connect(NioSocketImpl.java:592)
	at java.base/java.net.SocksSocketImpl.connect(SocksSocketImpl.java:327)
	at java.base/java.net.Socket.connect(Socket.java:751)
	at org.apache.hc.client5.http.impl.io.DefaultHttpClientConnectionOperator.connect(DefaultHttpClientConnectionOperator.java:216)
	at org.apache.hc.client5.http.impl.io.PoolingHttpClientConnectionManager.connect(PoolingHttpClientConnectionManager.java:490)
	at org.apache.hc.client5.http.impl.classic.InternalExecRuntime.connectEndpoint(InternalExecRuntime.java:164)
	at org.apache.hc.client5.http.impl.classic.InternalExecRuntime.connectEndpoint(InternalExecRuntime.java:174)
	at org.apache.hc.client5.http.impl.classic.ConnectExec.execute(ConnectExec.java:144)
	at org.apache.hc.client5.http.impl.classic.ExecChainElement.execute(ExecChainElement.java:51)
	at org.apache.hc.client5.http.impl.classic.ProtocolExec.execute(ProtocolExec.java:192)
	at org.apache.hc.client5.http.impl.classic.ExecChainElement.execute(ExecChainElement.java:51)
	at org.apache.hc.client5.http.impl.classic.ContentCompressionExec.execute(ContentCompressionExec.java:150)
	at org.apache.hc.client5.http.impl.classic.ExecChainElement.execute(ExecChainElement.java:51)
	at org.apache.hc.client5.http.impl.classic.HttpRequestRetryExec.execute(HttpRequestRetryExec.java:113)
	at org.apache.hc.client5.http.impl.classic.ExecChainElement.execute(ExecChainElement.java:51)
	at org.apache.hc.client5.http.impl.classic.RedirectExec.execute(RedirectExec.java:110)
	at org.apache.hc.client5.http.impl.classic.ExecChainElement.execute(ExecChainElement.java:51)
	at org.apache.hc.client5.http.impl.classic.InternalHttpClient.doExecute(InternalHttpClient.java:174)
	at org.apache.hc.client5.http.impl.classic.CloseableHttpClient.execute(CloseableHttpClient.java:87)
	at org.apache.hc.client5.http.impl.classic.CloseableHttpClient.execute(CloseableHttpClient.java:55)
	at org.apache.hc.client5.http.classic.HttpClient.executeOpen(HttpClient.java:183)
	at org.springframework.http.client.HttpComponentsClientHttpRequest.executeInternal(HttpComponentsClientHttpRequest.java:99)
	at org.springframework.http.client.AbstractStreamingClientHttpRequest.executeInternal(AbstractStreamingClientHttpRequest.java:71)
	at org.springframework.http.client.AbstractClientHttpRequest.execute(AbstractClientHttpRequest.java:81)
	at org.springframework.http.client.InterceptingClientHttpRequest$InterceptingRequestExecution.execute(InterceptingClientHttpRequest.java:117)
	at org.springframework.cloud.netflix.eureka.http.RestTemplateTransportClientFactory.lambda$restTemplate$3(RestTemplateTransportClientFactory.java:141)
	at org.springframework.http.client.InterceptingClientHttpRequest$InterceptingRequestExecution.execute(InterceptingClientHttpRequest.java:88)
	at org.springframework.http.client.InterceptingClientHttpRequest.executeInternal(InterceptingClientHttpRequest.java:72)
	at org.springframework.http.client.AbstractBufferingClientHttpRequest.executeInternal(AbstractBufferingClientHttpRequest.java:48)
	at org.springframework.http.client.AbstractClientHttpRequest.execute(AbstractClientHttpRequest.java:81)
	at org.springframework.web.client.RestTemplate.doExecute(RestTemplate.java:899)
	... 38 more

2025-03-08T15:02:25.077+03:00  WARN 16616 --- [gateway-server] [SpringApplicationShutdownHook] c.n.d.s.t.d.RetryableEurekaHttpClient    : Request execution failed with message: I/O error on DELETE request for "http://localhost:8761/eureka/apps/GATEWAY-SERVER/DESKTOP-IEO3AME.home:gateway-server:8072": Connect to http://localhost:8761 [localhost/127.0.0.1, localhost/0:0:0:0:0:0:0:1] failed: Connection refused: getsockopt
2025-03-08T15:02:25.077+03:00 ERROR 16616 --- [gateway-server] [SpringApplicationShutdownHook] com.netflix.discovery.DiscoveryClient    : DiscoveryClient_GATEWAY-SERVER/DESKTOP-IEO3AME.home:gateway-server:8072 - de-registration failedCannot execute request on any known server

com.netflix.discovery.shared.transport.TransportException: Cannot execute request on any known server
	at com.netflix.discovery.shared.transport.decorator.RetryableEurekaHttpClient.execute(RetryableEurekaHttpClient.java:112) ~[eureka-client-2.0.4.jar:2.0.4]
	at com.netflix.discovery.shared.transport.decorator.EurekaHttpClientDecorator.cancel(EurekaHttpClientDecorator.java:71) ~[eureka-client-2.0.4.jar:2.0.4]
	at com.netflix.discovery.shared.transport.decorator.EurekaHttpClientDecorator$2.execute(EurekaHttpClientDecorator.java:74) ~[eureka-client-2.0.4.jar:2.0.4]
	at com.netflix.discovery.shared.transport.decorator.SessionedEurekaHttpClient.execute(SessionedEurekaHttpClient.java:76) ~[eureka-client-2.0.4.jar:2.0.4]
	at com.netflix.discovery.shared.transport.decorator.EurekaHttpClientDecorator.cancel(EurekaHttpClientDecorator.java:71) ~[eureka-client-2.0.4.jar:2.0.4]
	at com.netflix.discovery.DiscoveryClient.unregister(DiscoveryClient.java:919) ~[eureka-client-2.0.4.jar:2.0.4]
	at com.netflix.discovery.DiscoveryClient.shutdown(DiscoveryClient.java:900) ~[eureka-client-2.0.4.jar:2.0.4]
	at java.base/jdk.internal.reflect.DirectMethodHandleAccessor.invoke(DirectMethodHandleAccessor.java:103) ~[na:na]
	at java.base/java.lang.reflect.Method.invoke(Method.java:580) ~[na:na]
	at org.springframework.beans.factory.annotation.InitDestroyAnnotationBeanPostProcessor$LifecycleMethod.invoke(InitDestroyAnnotationBeanPostProcessor.java:457) ~[spring-beans-6.2.3.jar:6.2.3]
	at org.springframework.beans.factory.annotation.InitDestroyAnnotationBeanPostProcessor$LifecycleMetadata.invokeDestroyMethods(InitDestroyAnnotationBeanPostProcessor.java:415) ~[spring-beans-6.2.3.jar:6.2.3]
	at org.springframework.beans.factory.annotation.InitDestroyAnnotationBeanPostProcessor.postProcessBeforeDestruction(InitDestroyAnnotationBeanPostProcessor.java:239) ~[spring-beans-6.2.3.jar:6.2.3]
	at org.springframework.beans.factory.support.DisposableBeanAdapter.destroy(DisposableBeanAdapter.java:202) ~[spring-beans-6.2.3.jar:6.2.3]
	at org.springframework.beans.factory.support.DisposableBeanAdapter.run(DisposableBeanAdapter.java:195) ~[spring-beans-6.2.3.jar:6.2.3]
	at org.springframework.cloud.context.scope.GenericScope$BeanLifecycleWrapper.destroy(GenericScope.java:389) ~[spring-cloud-context-4.2.0.jar:4.2.0]
	at org.springframework.cloud.context.scope.GenericScope.destroy(GenericScope.java:136) ~[spring-cloud-context-4.2.0.jar:4.2.0]
	at org.springframework.beans.factory.support.DisposableBeanAdapter.destroy(DisposableBeanAdapter.java:211) ~[spring-beans-6.2.3.jar:6.2.3]
	at org.springframework.beans.factory.support.DefaultSingletonBeanRegistry.destroyBean(DefaultSingletonBeanRegistry.java:735) ~[spring-beans-6.2.3.jar:6.2.3]
	at org.springframework.beans.factory.support.DefaultSingletonBeanRegistry.destroySingleton(DefaultSingletonBeanRegistry.java:692) ~[spring-beans-6.2.3.jar:6.2.3]
	at org.springframework.beans.factory.support.DefaultListableBeanFactory.destroySingleton(DefaultListableBeanFactory.java:1401) ~[spring-beans-6.2.3.jar:6.2.3]
	at org.springframework.beans.factory.support.DefaultSingletonBeanRegistry.destroySingletons(DefaultSingletonBeanRegistry.java:651) ~[spring-beans-6.2.3.jar:6.2.3]
	at org.springframework.beans.factory.support.DefaultListableBeanFactory.destroySingletons(DefaultListableBeanFactory.java:1394) ~[spring-beans-6.2.3.jar:6.2.3]
	at org.springframework.context.support.AbstractApplicationContext.destroyBeans(AbstractApplicationContext.java:1219) ~[spring-context-6.2.3.jar:6.2.3]
	at org.springframework.context.support.AbstractApplicationContext.doClose(AbstractApplicationContext.java:1180) ~[spring-context-6.2.3.jar:6.2.3]
	at org.springframework.boot.web.reactive.context.ReactiveWebServerApplicationContext.doClose(ReactiveWebServerApplicationContext.java:155) ~[spring-boot-3.4.3.jar:3.4.3]
	at org.springframework.context.support.AbstractApplicationContext.close(AbstractApplicationContext.java:1126) ~[spring-context-6.2.3.jar:6.2.3]
	at org.springframework.boot.SpringApplicationShutdownHook.closeAndWait(SpringApplicationShutdownHook.java:147) ~[spring-boot-3.4.3.jar:3.4.3]
	at java.base/java.lang.Iterable.forEach(Iterable.java:75) ~[na:na]
	at org.springframework.boot.SpringApplicationShutdownHook.run(SpringApplicationShutdownHook.java:116) ~[spring-boot-3.4.3.jar:3.4.3]
	at java.base/java.lang.Thread.run(Thread.java:1583) ~[na:na]

2025-03-08T15:02:25.083+03:00  INFO 16616 --- [gateway-server] [SpringApplicationShutdownHook] com.netflix.discovery.DiscoveryClient    : Completed shut down of DiscoveryClient
2025-03-08T15:02:39.316+03:00  INFO 26944 --- [gateway-server] [restartedMain] c.a.g.GatewayServerApplication           : Starting GatewayServerApplication using Java 21.0.6 with PID 26944 (C:\Users\bsevi\Desktop\Java-Örneklendirme\december-backend-parking-1\gateway-server\target\classes started by bsevi in C:\Users\bsevi\Desktop\Java-Örneklendirme\december-backend-parking-1)
2025-03-08T15:02:39.319+03:00  INFO 26944 --- [gateway-server] [restartedMain] c.a.g.GatewayServerApplication           : No active profile set, falling back to 1 default profile: "default"
2025-03-08T15:02:39.385+03:00  INFO 26944 --- [gateway-server] [restartedMain] .e.DevToolsPropertyDefaultsPostProcessor : Devtools property defaults active! Set 'spring.devtools.add-properties' to 'false' to disable
2025-03-08T15:02:39.386+03:00  INFO 26944 --- [gateway-server] [restartedMain] .e.DevToolsPropertyDefaultsPostProcessor : For additional web related logging consider setting the 'logging.level.web' property to 'DEBUG'
2025-03-08T15:02:41.238+03:00  INFO 26944 --- [gateway-server] [restartedMain] o.s.cloud.context.scope.GenericScope     : BeanFactory id=f1ce5d39-f2a9-3d5c-ac3b-7e483f5ecda4
2025-03-08T15:02:42.813+03:00  INFO 26944 --- [gateway-server] [restartedMain] o.s.c.g.r.RouteDefinitionRouteLocator    : Loaded RoutePredicateFactory [After]
2025-03-08T15:02:42.814+03:00  INFO 26944 --- [gateway-server] [restartedMain] o.s.c.g.r.RouteDefinitionRouteLocator    : Loaded RoutePredicateFactory [Before]
2025-03-08T15:02:42.814+03:00  INFO 26944 --- [gateway-server] [restartedMain] o.s.c.g.r.RouteDefinitionRouteLocator    : Loaded RoutePredicateFactory [Between]
2025-03-08T15:02:42.814+03:00  INFO 26944 --- [gateway-server] [restartedMain] o.s.c.g.r.RouteDefinitionRouteLocator    : Loaded RoutePredicateFactory [Cookie]
2025-03-08T15:02:42.814+03:00  INFO 26944 --- [gateway-server] [restartedMain] o.s.c.g.r.RouteDefinitionRouteLocator    : Loaded RoutePredicateFactory [Header]
2025-03-08T15:02:42.814+03:00  INFO 26944 --- [gateway-server] [restartedMain] o.s.c.g.r.RouteDefinitionRouteLocator    : Loaded RoutePredicateFactory [Host]
2025-03-08T15:02:42.814+03:00  INFO 26944 --- [gateway-server] [restartedMain] o.s.c.g.r.RouteDefinitionRouteLocator    : Loaded RoutePredicateFactory [Method]
2025-03-08T15:02:42.814+03:00  INFO 26944 --- [gateway-server] [restartedMain] o.s.c.g.r.RouteDefinitionRouteLocator    : Loaded RoutePredicateFactory [Path]
2025-03-08T15:02:42.815+03:00  INFO 26944 --- [gateway-server] [restartedMain] o.s.c.g.r.RouteDefinitionRouteLocator    : Loaded RoutePredicateFactory [Query]
2025-03-08T15:02:42.815+03:00  INFO 26944 --- [gateway-server] [restartedMain] o.s.c.g.r.RouteDefinitionRouteLocator    : Loaded RoutePredicateFactory [ReadBody]
2025-03-08T15:02:42.815+03:00  INFO 26944 --- [gateway-server] [restartedMain] o.s.c.g.r.RouteDefinitionRouteLocator    : Loaded RoutePredicateFactory [RemoteAddr]
2025-03-08T15:02:42.815+03:00  INFO 26944 --- [gateway-server] [restartedMain] o.s.c.g.r.RouteDefinitionRouteLocator    : Loaded RoutePredicateFactory [XForwardedRemoteAddr]
2025-03-08T15:02:42.815+03:00  INFO 26944 --- [gateway-server] [restartedMain] o.s.c.g.r.RouteDefinitionRouteLocator    : Loaded RoutePredicateFactory [Weight]
2025-03-08T15:02:42.815+03:00  INFO 26944 --- [gateway-server] [restartedMain] o.s.c.g.r.RouteDefinitionRouteLocator    : Loaded RoutePredicateFactory [CloudFoundryRouteService]
2025-03-08T15:02:43.068+03:00  INFO 26944 --- [gateway-server] [restartedMain] o.s.b.a.e.web.EndpointLinksResolver      : Exposing 3 endpoints beneath base path '/actuator'
2025-03-08T15:02:43.423+03:00  INFO 26944 --- [gateway-server] [restartedMain] o.s.b.d.a.OptionalLiveReloadServer       : LiveReload server is running on port 35729
2025-03-08T15:02:43.437+03:00  INFO 26944 --- [gateway-server] [restartedMain] DiscoveryClientOptionalArgsConfiguration : Eureka HTTP Client uses RestTemplate.
2025-03-08T15:02:43.465+03:00  WARN 26944 --- [gateway-server] [restartedMain] iguration$LoadBalancerCaffeineWarnLogger : Spring Cloud LoadBalancer is currently working with the default cache. While this cache implementation is useful for development and tests, it's recommended to use Caffeine cache in production.You can switch to using Caffeine cache, by adding it and org.springframework.cache.caffeine.CaffeineCacheManager to the classpath.
2025-03-08T15:02:43.531+03:00  INFO 26944 --- [gateway-server] [restartedMain] o.s.c.n.eureka.InstanceInfoFactory       : Setting initial instance status as: STARTING
2025-03-08T15:02:43.557+03:00  INFO 26944 --- [gateway-server] [restartedMain] com.netflix.discovery.DiscoveryClient    : Initializing Eureka in region us-east-1
2025-03-08T15:02:43.563+03:00  INFO 26944 --- [gateway-server] [restartedMain] c.n.d.s.r.aws.ConfigClusterResolver      : Resolving eureka endpoints via configuration
2025-03-08T15:02:43.574+03:00  INFO 26944 --- [gateway-server] [restartedMain] com.netflix.discovery.DiscoveryClient    : Disable delta property : false
2025-03-08T15:02:43.574+03:00  INFO 26944 --- [gateway-server] [restartedMain] com.netflix.discovery.DiscoveryClient    : Single vip registry refresh property : null
2025-03-08T15:02:43.574+03:00  INFO 26944 --- [gateway-server] [restartedMain] com.netflix.discovery.DiscoveryClient    : Force full registry fetch : false
2025-03-08T15:02:43.574+03:00  INFO 26944 --- [gateway-server] [restartedMain] com.netflix.discovery.DiscoveryClient    : Application is null : false
2025-03-08T15:02:43.574+03:00  INFO 26944 --- [gateway-server] [restartedMain] com.netflix.discovery.DiscoveryClient    : Registered Applications size is zero : true
2025-03-08T15:02:43.574+03:00  INFO 26944 --- [gateway-server] [restartedMain] com.netflix.discovery.DiscoveryClient    : Application version is -1: true
2025-03-08T15:02:43.575+03:00  INFO 26944 --- [gateway-server] [restartedMain] com.netflix.discovery.DiscoveryClient    : Getting all instance registry info from the eureka server
2025-03-08T15:02:44.170+03:00  INFO 26944 --- [gateway-server] [restartedMain] com.netflix.discovery.DiscoveryClient    : The response status is 200
2025-03-08T15:02:44.172+03:00  INFO 26944 --- [gateway-server] [restartedMain] com.netflix.discovery.DiscoveryClient    : Starting heartbeat executor: renew interval is: 30
2025-03-08T15:02:44.175+03:00  INFO 26944 --- [gateway-server] [restartedMain] c.n.discovery.InstanceInfoReplicator     : InstanceInfoReplicator onDemand update allowed rate per min is 4
2025-03-08T15:02:44.177+03:00  INFO 26944 --- [gateway-server] [restartedMain] com.netflix.discovery.DiscoveryClient    : Discovery Client initialized at timestamp 1741435364176 with initial instances count: 0
2025-03-08T15:02:44.180+03:00  INFO 26944 --- [gateway-server] [restartedMain] o.s.c.n.e.s.EurekaServiceRegistry        : Registering application GATEWAY-SERVER with eureka with status UP
2025-03-08T15:02:44.180+03:00  INFO 26944 --- [gateway-server] [restartedMain] com.netflix.discovery.DiscoveryClient    : Saw local status change event StatusChangeEvent [timestamp=1741435364180, current=UP, previous=STARTING]
2025-03-08T15:02:44.183+03:00  INFO 26944 --- [gateway-server] [DiscoveryClient-InstanceInfoReplicator-%d] com.netflix.discovery.DiscoveryClient    : DiscoveryClient_GATEWAY-SERVER/DESKTOP-IEO3AME.home:gateway-server:8072: registering service...
2025-03-08T15:02:44.360+03:00  INFO 26944 --- [gateway-server] [DiscoveryClient-InstanceInfoReplicator-%d] com.netflix.discovery.DiscoveryClient    : DiscoveryClient_GATEWAY-SERVER/DESKTOP-IEO3AME.home:gateway-server:8072 - registration status: 204
2025-03-08T15:02:44.449+03:00  INFO 26944 --- [gateway-server] [restartedMain] o.s.b.web.embedded.netty.NettyWebServer  : Netty started on port 8072 (http)
2025-03-08T15:02:44.451+03:00  INFO 26944 --- [gateway-server] [restartedMain] .s.c.n.e.s.EurekaAutoServiceRegistration : Updating port to 8072
2025-03-08T15:02:44.473+03:00  INFO 26944 --- [gateway-server] [restartedMain] c.a.g.GatewayServerApplication           : Started GatewayServerApplication in 6.134 seconds (process running for 8.115)
2025-03-08T15:02:44.617+03:00  WARN 26944 --- [gateway-server] [registrationTask1] d.c.b.a.c.r.ApplicationRegistrator       : Failed to register application as Application(name=gateway-server, managementUrl=http://DESKTOP-IEO3AME.home:8072/actuator, healthUrl=http://DESKTOP-IEO3AME.home:8072/actuator/health, serviceUrl=http://DESKTOP-IEO3AME.home:8072/) at spring-boot-admin ([http://localhost:8192/instances]): Connection refused: getsockopt: localhost/127.0.0.1:8192. Further attempts are logged on DEBUG level
2025-03-08T15:03:14.186+03:00  INFO 26944 --- [gateway-server] [DiscoveryClient-CacheRefreshExecutor-%d] com.netflix.discovery.DiscoveryClient    : Disable delta property : false
2025-03-08T15:03:14.187+03:00  INFO 26944 --- [gateway-server] [DiscoveryClient-CacheRefreshExecutor-%d] com.netflix.discovery.DiscoveryClient    : Single vip registry refresh property : null
2025-03-08T15:03:14.187+03:00  INFO 26944 --- [gateway-server] [DiscoveryClient-CacheRefreshExecutor-%d] com.netflix.discovery.DiscoveryClient    : Force full registry fetch : false
2025-03-08T15:03:14.187+03:00  INFO 26944 --- [gateway-server] [DiscoveryClient-CacheRefreshExecutor-%d] com.netflix.discovery.DiscoveryClient    : Application is null : false
2025-03-08T15:03:14.187+03:00  INFO 26944 --- [gateway-server] [DiscoveryClient-CacheRefreshExecutor-%d] com.netflix.discovery.DiscoveryClient    : Registered Applications size is zero : true
2025-03-08T15:03:14.187+03:00  INFO 26944 --- [gateway-server] [DiscoveryClient-CacheRefreshExecutor-%d] com.netflix.discovery.DiscoveryClient    : Application version is -1: false
2025-03-08T15:03:14.187+03:00  INFO 26944 --- [gateway-server] [DiscoveryClient-CacheRefreshExecutor-%d] com.netflix.discovery.DiscoveryClient    : Getting all instance registry info from the eureka server
2025-03-08T15:03:14.220+03:00  INFO 26944 --- [gateway-server] [DiscoveryClient-CacheRefreshExecutor-%d] com.netflix.discovery.DiscoveryClient    : The response status is 200
2025-03-08T15:07:43.582+03:00  INFO 26944 --- [gateway-server] [AsyncResolver-bootstrap-executor-%d] c.n.d.s.r.aws.ConfigClusterResolver      : Resolving eureka endpoints via configuration
2025-03-08T15:12:43.585+03:00  INFO 26944 --- [gateway-server] [AsyncResolver-bootstrap-executor-%d] c.n.d.s.r.aws.ConfigClusterResolver      : Resolving eureka endpoints via configuration
